<<<<<<< Updated upstream

=======
[2021-11-18T17:27:51.805922+00:00] messageRoomCreator.INFO: mesaj odasının id bilgisi alındı. [] []
[2021-11-18T17:27:51.809901+00:00] messageRoomCreator.INFO: ------------------Operasyonlar Bitti---------------------- [] []
[2021-11-18T17:29:25.752790+00:00] messageRoomCreator.INFO: mesaj odasının id bilgisi alındı. [] []
[2021-11-18T17:29:25.758994+00:00] messageRoomCreator.INFO: ------------------Operasyonlar Bitti---------------------- [] []
[2021-11-18T18:14:13.088032+00:00] messageRoomCreator.INFO: mesaj odasının id bilgisi alındı. [] []
[2021-11-18T18:14:13.094295+00:00] messageRoomCreator.INFO: ------------------Operasyonlar Bitti---------------------- [] []
[2021-11-18T18:16:24.350962+00:00] messageRoomCreator.INFO: mesaj odasının id bilgisi alındı. [] []
[2021-11-18T18:16:24.398984+00:00] messageRoomCreator.INFO: ------------------Operasyonlar Bitti---------------------- [] []
[2021-11-18T18:18:40.541804+00:00] messageRoomCreator.INFO: mesaj odasının id bilgisi alındı. [] []
[2021-11-18T18:18:40.596798+00:00] messageRoomCreator.INFO: Benan [] []
[2021-11-18T18:18:40.599637+00:00] messageRoomCreator.INFO: BeroBaba [] []
[2021-11-18T18:18:40.599703+00:00] messageRoomCreator.INFO: ------------------Operasyonlar Bitti---------------------- [] []
[2021-11-19T06:38:34.626902+00:00] messageRoomCreator.INFO: mesaj odasının id bilgisi alındı. [] []
[2021-11-19T06:38:34.636140+00:00] messageRoomCreator.INFO: Akif [] []
[2021-11-19T06:38:34.636559+00:00] messageRoomCreator.INFO: Benan [] []
[2021-11-19T06:38:34.636936+00:00] messageRoomCreator.INFO: BeroBaba [] []
[2021-11-19T06:38:34.636980+00:00] messageRoomCreator.INFO: ------------------Operasyonlar Bitti---------------------- [] []
[2021-11-19T06:41:27.641670+00:00] messageRoomCreator.INFO: mesaj odasının id bilgisi alındı. [] []
[2021-11-19T06:41:27.704694+00:00] messageRoomCreator.INFO: Akif [] []
[2021-11-19T06:41:27.708067+00:00] messageRoomCreator.INFO: Benan [] []
[2021-11-19T06:41:27.711367+00:00] messageRoomCreator.INFO: BeroBaba [] []
[2021-11-19T06:41:27.711450+00:00] messageRoomCreator.INFO: ------------------Operasyonlar Bitti---------------------- [] []
[2021-11-20T14:47:50.908273+00:00] messageRoomCreator.INFO: mesaj odasının id bilgisi alındı. [] []
[2021-11-20T14:47:50.913168+00:00] messageRoomCreator.INFO: Akif [] []
[2021-11-20T14:47:50.913211+00:00] messageRoomCreator.INFO: ------------------Operasyonlar Bitti---------------------- [] []
[2021-11-20T14:48:48.902749+00:00] messageRoomCreator.INFO: mesaj odasının id bilgisi alındı. [] []
[2021-11-20T14:48:48.908187+00:00] messageRoomCreator.INFO: Akif [] []
[2021-11-20T14:48:48.908242+00:00] messageRoomCreator.INFO: ------------------Operasyonlar Bitti---------------------- [] []
>>>>>>> Stashed changes
