<<<<<<< Updated upstream

=======
[2021-11-13T10:19:05.335389+00:00] send_friend_request.INFO: Arkadaşlık talep edilen kişi: BeroBaba [] []
[2021-11-13T10:19:05.335759+00:00] send_friend_request.INFO: Arkadaşlığı talep eden kişi: Benan [] []
[2021-11-13T11:13:50.435057+00:00] send_friend_request.INFO: Arkadaşlık talep edilen kişi: BeroBaba [] []
[2021-11-13T11:13:50.435218+00:00] send_friend_request.INFO: Arkadaşlığı talep eden kişi: Benan [] []
[2021-11-13T11:33:39.200854+00:00] send_friend_request.INFO: Arkadaşlık talep edilen kişi: Akif [] []
[2021-11-13T11:33:39.201007+00:00] send_friend_request.INFO: Arkadaşlığı talep eden kişi: Benan [] []
[2021-11-13T11:37:05.616682+00:00] send_friend_request.INFO: Arkadaşlık talep edilen kişi: Akif [] []
[2021-11-13T11:37:05.616827+00:00] send_friend_request.INFO: Arkadaşlığı talep eden kişi: Benan [] []
[2021-11-13T11:37:44.728354+00:00] send_friend_request.INFO: Arkadaşlık talep edilen kişi: Akif [] []
[2021-11-13T11:37:44.728506+00:00] send_friend_request.INFO: Arkadaşlığı talep eden kişi: Benan [] []
[2021-11-13T11:42:11.232088+00:00] send_friend_request.INFO: Arkadaşlık talep edilen kişi: Akif [] []
[2021-11-13T11:42:11.232273+00:00] send_friend_request.INFO: Arkadaşlığı talep eden kişi: Benan [] []
[2021-11-13T11:45:01.183091+00:00] send_friend_request.INFO: Arkadaşlık talep edilen kişi: Akif [] []
[2021-11-13T11:45:01.183411+00:00] send_friend_request.INFO: Arkadaşlığı talep eden kişi: Benan [] []
[2021-11-13T11:45:17.279091+00:00] send_friend_request.INFO: Arkadaşlık talep edilen kişi: Akif [] []
[2021-11-13T11:45:17.279268+00:00] send_friend_request.INFO: Arkadaşlığı talep eden kişi: Benan [] []
[2021-11-13T11:47:58.541335+00:00] send_friend_request.INFO: Arkadaşlık talep edilen kişi: Akif [] []
[2021-11-13T11:47:58.541635+00:00] send_friend_request.INFO: Arkadaşlığı talep eden kişi: Benan [] []
[2021-11-15T12:20:29.930286+00:00] send_friend_request.INFO: Arkadaşlık talep edilen kişi: Akif [] []
[2021-11-15T12:20:29.932080+00:00] send_friend_request.INFO: Arkadaşlığı talep eden kişi: BeroBaba [] []
[2021-11-18T17:20:14.665535+00:00] send_friend_request.INFO: Arkadaşlık talep edilen kişi: Akif [] []
[2021-11-18T17:20:14.667208+00:00] send_friend_request.INFO: Arkadaşlığı talep eden kişi: Benan [] []
[2021-11-18T19:03:33.227881+00:00] send_friend_request.INFO: Arkadaşlık talep edilen kişi: Akif [] []
[2021-11-18T19:03:33.228090+00:00] send_friend_request.INFO: Arkadaşlığı talep eden kişi: Benan [] []
[2021-11-20T12:51:07.779772+00:00] send_friend_request.INFO: Arkadaşlık talep edilen kişi: Akif [] []
[2021-11-20T12:51:07.785265+00:00] send_friend_request.INFO: Arkadaşlığı talep eden kişi: Benan [] []
[2021-11-21T12:46:00.946297+00:00] send_friend_request.INFO: Arkadaşlık talep edilen kişi: Akif [] []
[2021-11-21T12:46:00.946643+00:00] send_friend_request.INFO: Arkadaşlığı talep eden kişi: Hilal [] []
[2021-11-21T16:26:33.548395+00:00] send_friend_request.INFO: Arkadaşlık talep edilen kişi: Hilal [] []
[2021-11-21T16:26:33.595914+00:00] send_friend_request.INFO: Arkadaşlığı talep eden kişi: Benan [] []
[2021-11-21T16:26:37.393301+00:00] send_friend_request.INFO: Arkadaşlık talep edilen kişi: Hilal [] []
[2021-11-21T16:26:37.393653+00:00] send_friend_request.INFO: Arkadaşlığı talep eden kişi: Benan [] []
[2021-11-21T16:27:50.985945+00:00] send_friend_request.INFO: Arkadaşlık talep edilen kişi: Hilal [] []
[2021-11-21T16:27:50.986222+00:00] send_friend_request.INFO: Arkadaşlığı talep eden kişi: Benan [] []
[2021-11-21T16:28:41.137818+00:00] send_friend_request.INFO: Arkadaşlık talep edilen kişi: Hilal [] []
[2021-11-21T16:28:41.138262+00:00] send_friend_request.INFO: Arkadaşlığı talep eden kişi: Benan [] []
[2021-11-21T16:30:01.553448+00:00] send_friend_request.INFO: Arkadaşlık talep edilen kişi: Hilal [] []
[2021-11-21T16:30:01.553771+00:00] send_friend_request.INFO: Arkadaşlığı talep eden kişi: Benan [] []
[2021-11-21T16:32:50.000249+00:00] send_friend_request.INFO: Arkadaşlık talep edilen kişi: Hilal [] []
[2021-11-21T16:32:50.000690+00:00] send_friend_request.INFO: Arkadaşlığı talep eden kişi: Benan [] []
[2021-11-21T17:22:26.862634+00:00] send_friend_request.INFO: Arkadaşlık talep edilen kişi: Benan [] []
[2021-11-21T17:22:26.866295+00:00] send_friend_request.INFO: Arkadaşlığı talep eden kişi: Oztas [] []
>>>>>>> Stashed changes
[2021-11-21T20:23:32.403248+00:00] send_friend_request.INFO: Arkadaşlık talep edilen kişi: Akif [] []
[2021-11-21T20:23:32.408162+00:00] send_friend_request.INFO: Arkadaşlığı talep eden kişi: Oztas [] []
